Determining if the pthread_create exist failed with the following output:
Change Dir: /home/edu/turtlebot2/build/CMakeFiles/CMakeTmp

Run Build Command:"/usr/bin/make" "cmTC_8bb2f/fast"
/usr/bin/make -f CMakeFiles/cmTC_8bb2f.dir/build.make CMakeFiles/cmTC_8bb2f.dir/build
make[1]: se entra en el directorio '/home/edu/turtlebot2/build/CMakeFiles/CMakeTmp'
Building C object CMakeFiles/cmTC_8bb2f.dir/CheckSymbolExists.c.o
/usr/bin/cc    -o CMakeFiles/cmTC_8bb2f.dir/CheckSymbolExists.c.o   -c /home/edu/turtlebot2/build/CMakeFiles/CMakeTmp/CheckSymbolExists.c
Linking C executable cmTC_8bb2f
/usr/bin/cmake -E cmake_link_script CMakeFiles/cmTC_8bb2f.dir/link.txt --verbose=1
/usr/bin/cc      -rdynamic CMakeFiles/cmTC_8bb2f.dir/CheckSymbolExists.c.o  -o cmTC_8bb2f 
CMakeFiles/cmTC_8bb2f.dir/CheckSymbolExists.c.o: En la función `main':
CheckSymbolExists.c:(.text+0x1b): referencia a `pthread_create' sin definir
collect2: error: ld returned 1 exit status
CMakeFiles/cmTC_8bb2f.dir/build.make:97: recipe for target 'cmTC_8bb2f' failed
make[1]: *** [cmTC_8bb2f] Error 1
make[1]: se sale del directorio '/home/edu/turtlebot2/build/CMakeFiles/CMakeTmp'
Makefile:126: recipe for target 'cmTC_8bb2f/fast' failed
make: *** [cmTC_8bb2f/fast] Error 2

File /home/edu/turtlebot2/build/CMakeFiles/CMakeTmp/CheckSymbolExists.c:
/* */
#include <pthread.h>

int main(int argc, char** argv)
{
  (void)argv;
#ifndef pthread_create
  return ((int*)(&pthread_create))[argc];
#else
  (void)argc;
  return 0;
#endif
}

Determining if the function pthread_create exists in the pthreads failed with the following output:
Change Dir: /home/edu/turtlebot2/build/CMakeFiles/CMakeTmp

Run Build Command:"/usr/bin/make" "cmTC_82836/fast"
/usr/bin/make -f CMakeFiles/cmTC_82836.dir/build.make CMakeFiles/cmTC_82836.dir/build
make[1]: se entra en el directorio '/home/edu/turtlebot2/build/CMakeFiles/CMakeTmp'
Building C object CMakeFiles/cmTC_82836.dir/CheckFunctionExists.c.o
/usr/bin/cc   -DCHECK_FUNCTION_EXISTS=pthread_create   -o CMakeFiles/cmTC_82836.dir/CheckFunctionExists.c.o   -c /usr/share/cmake-3.10/Modules/CheckFunctionExists.c
Linking C executable cmTC_82836
/usr/bin/cmake -E cmake_link_script CMakeFiles/cmTC_82836.dir/link.txt --verbose=1
/usr/bin/cc  -DCHECK_FUNCTION_EXISTS=pthread_create    -rdynamic CMakeFiles/cmTC_82836.dir/CheckFunctionExists.c.o  -o cmTC_82836 -lpthreads 
/usr/bin/ld: no se puede encontrar -lpthreads
collect2: error: ld returned 1 exit status
CMakeFiles/cmTC_82836.dir/build.make:97: recipe for target 'cmTC_82836' failed
make[1]: *** [cmTC_82836] Error 1
make[1]: se sale del directorio '/home/edu/turtlebot2/build/CMakeFiles/CMakeTmp'
Makefile:126: recipe for target 'cmTC_82836/fast' failed
make: *** [cmTC_82836/fast] Error 2


